28-Nov-2024 01:58:20.151 INFO [main] org.apache.catalina.core.ApplicationContext.log ContextListener: contextInitialized()
28-Nov-2024 01:58:20.151 INFO [main] org.apache.catalina.core.ApplicationContext.log SessionListener: contextInitialized()
28-Nov-2024 01:58:20.154 INFO [main] org.apache.catalina.core.ApplicationContext.log ContextListener: attributeAdded('StockTicker', 'async.Stockticker@6e46d9f4')
28-Nov-2024 07:11:25.459 INFO [main] org.apache.catalina.core.ApplicationContext.log ContextListener: contextInitialized()
28-Nov-2024 07:11:25.459 INFO [main] org.apache.catalina.core.ApplicationContext.log SessionListener: contextInitialized()
28-Nov-2024 07:11:25.462 INFO [main] org.apache.catalina.core.ApplicationContext.log ContextListener: attributeAdded('StockTicker', 'async.Stockticker@7859e786')
28-Nov-2024 07:11:25.611 INFO [main] org.apache.catalina.core.ApplicationContext.log SessionListener: contextDestroyed()
28-Nov-2024 07:11:25.611 INFO [main] org.apache.catalina.core.ApplicationContext.log ContextListener: contextDestroyed()
28-Nov-2024 07:47:14.487 INFO [main] org.apache.catalina.core.ApplicationContext.log ContextListener: contextInitialized()
28-Nov-2024 07:47:14.487 INFO [main] org.apache.catalina.core.ApplicationContext.log SessionListener: contextInitialized()
28-Nov-2024 07:47:14.490 INFO [main] org.apache.catalina.core.ApplicationContext.log ContextListener: attributeAdded('StockTicker', 'async.Stockticker@a486d78')
28-Nov-2024 08:08:24.872 INFO [main] org.apache.catalina.core.ApplicationContext.log ContextListener: contextInitialized()
28-Nov-2024 08:08:24.872 INFO [main] org.apache.catalina.core.ApplicationContext.log SessionListener: contextInitialized()
28-Nov-2024 08:08:24.874 INFO [main] org.apache.catalina.core.ApplicationContext.log ContextListener: attributeAdded('StockTicker', 'async.Stockticker@192f2f27')
28-Nov-2024 08:08:28.334 SEVERE [http-nio-8080-exec-1] org.apache.catalina.core.StandardWrapperValve.invoke Servlet.service() for servlet [servhello] in context with path [/demo] threw exception
	java.lang.NullPointerException: Cannot invoke "String.equals(Object)" because "<local5>" is null
		at servhello.doGet(servhello.java:18)
		at javax.servlet.http.HttpServlet.service(HttpServlet.java:529)
		at javax.servlet.http.HttpServlet.service(HttpServlet.java:623)
		at org.apache.catalina.core.ApplicationFilterChain.internalDoFilter(ApplicationFilterChain.java:199)
		at org.apache.catalina.core.ApplicationFilterChain.doFilter(ApplicationFilterChain.java:144)
		at org.apache.tomcat.websocket.server.WsFilter.doFilter(WsFilter.java:51)
		at org.apache.catalina.core.ApplicationFilterChain.internalDoFilter(ApplicationFilterChain.java:168)
		at org.apache.catalina.core.ApplicationFilterChain.doFilter(ApplicationFilterChain.java:144)
		at org.apache.catalina.core.StandardWrapperValve.invoke(StandardWrapperValve.java:168)
		at org.apache.catalina.core.StandardContextValve.invoke(StandardContextValve.java:90)
		at org.apache.catalina.authenticator.AuthenticatorBase.invoke(AuthenticatorBase.java:482)
		at org.apache.catalina.core.StandardHostValve.invoke(StandardHostValve.java:130)
		at org.apache.catalina.valves.ErrorReportValve.invoke(ErrorReportValve.java:93)
		at org.apache.catalina.valves.AbstractAccessLogValve.invoke(AbstractAccessLogValve.java:660)
		at org.apache.catalina.core.StandardEngineValve.invoke(StandardEngineValve.java:74)
		at org.apache.catalina.connector.CoyoteAdapter.service(CoyoteAdapter.java:346)
		at org.apache.coyote.http11.Http11Processor.service(Http11Processor.java:396)
		at org.apache.coyote.AbstractProcessorLight.process(AbstractProcessorLight.java:63)
		at org.apache.coyote.AbstractProtocol$ConnectionHandler.process(AbstractProtocol.java:937)
		at org.apache.tomcat.util.net.NioEndpoint$SocketProcessor.doRun(NioEndpoint.java:1791)
		at org.apache.tomcat.util.net.SocketProcessorBase.run(SocketProcessorBase.java:52)
		at org.apache.tomcat.util.threads.ThreadPoolExecutor.runWorker(ThreadPoolExecutor.java:1190)
		at org.apache.tomcat.util.threads.ThreadPoolExecutor$Worker.run(ThreadPoolExecutor.java:659)
		at org.apache.tomcat.util.threads.TaskThread$WrappingRunnable.run(TaskThread.java:63)
		at java.base/java.lang.Thread.run(Thread.java:1570)
28-Nov-2024 08:14:41.169 INFO [main] org.apache.catalina.core.ApplicationContext.log ContextListener: contextInitialized()
28-Nov-2024 08:14:41.169 INFO [main] org.apache.catalina.core.ApplicationContext.log SessionListener: contextInitialized()
28-Nov-2024 08:14:41.172 INFO [main] org.apache.catalina.core.ApplicationContext.log ContextListener: attributeAdded('StockTicker', 'async.Stockticker@4a8a60bc')
28-Nov-2024 08:14:41.341 INFO [main] org.apache.catalina.core.ApplicationContext.log SessionListener: contextDestroyed()
28-Nov-2024 08:14:41.341 INFO [main] org.apache.catalina.core.ApplicationContext.log ContextListener: contextDestroyed()
28-Nov-2024 08:16:13.018 INFO [main] org.apache.catalina.core.ApplicationContext.log ContextListener: contextInitialized()
28-Nov-2024 08:16:13.018 INFO [main] org.apache.catalina.core.ApplicationContext.log SessionListener: contextInitialized()
28-Nov-2024 08:16:13.020 INFO [main] org.apache.catalina.core.ApplicationContext.log ContextListener: attributeAdded('StockTicker', 'async.Stockticker@7997b197')
28-Nov-2024 08:17:53.797 INFO [main] org.apache.catalina.core.ApplicationContext.log ContextListener: contextInitialized()
28-Nov-2024 08:17:53.797 INFO [main] org.apache.catalina.core.ApplicationContext.log SessionListener: contextInitialized()
28-Nov-2024 08:17:53.800 INFO [main] org.apache.catalina.core.ApplicationContext.log ContextListener: attributeAdded('StockTicker', 'async.Stockticker@11dee337')
28-Nov-2024 08:21:09.201 INFO [main] org.apache.catalina.core.ApplicationContext.log ContextListener: contextInitialized()
28-Nov-2024 08:21:09.201 INFO [main] org.apache.catalina.core.ApplicationContext.log SessionListener: contextInitialized()
28-Nov-2024 08:21:09.203 INFO [main] org.apache.catalina.core.ApplicationContext.log ContextListener: attributeAdded('StockTicker', 'async.Stockticker@5118388b')
28-Nov-2024 08:21:09.343 INFO [main] org.apache.catalina.core.ApplicationContext.log SessionListener: contextDestroyed()
28-Nov-2024 08:21:09.343 INFO [main] org.apache.catalina.core.ApplicationContext.log ContextListener: contextDestroyed()
28-Nov-2024 08:25:35.569 INFO [main] org.apache.catalina.core.ApplicationContext.log ContextListener: contextInitialized()
28-Nov-2024 08:25:35.569 INFO [main] org.apache.catalina.core.ApplicationContext.log SessionListener: contextInitialized()
28-Nov-2024 08:25:35.571 INFO [main] org.apache.catalina.core.ApplicationContext.log ContextListener: attributeAdded('StockTicker', 'async.Stockticker@1bdf8190')
28-Nov-2024 08:28:08.016 INFO [main] org.apache.catalina.core.ApplicationContext.log ContextListener: contextInitialized()
28-Nov-2024 08:28:08.016 INFO [main] org.apache.catalina.core.ApplicationContext.log SessionListener: contextInitialized()
28-Nov-2024 08:28:08.019 INFO [main] org.apache.catalina.core.ApplicationContext.log ContextListener: attributeAdded('StockTicker', 'async.Stockticker@21c64522')
28-Nov-2024 08:31:26.787 INFO [main] org.apache.catalina.core.ApplicationContext.log ContextListener: contextInitialized()
28-Nov-2024 08:31:26.787 INFO [main] org.apache.catalina.core.ApplicationContext.log SessionListener: contextInitialized()
28-Nov-2024 08:31:26.790 INFO [main] org.apache.catalina.core.ApplicationContext.log ContextListener: attributeAdded('StockTicker', 'async.Stockticker@285d851a')
28-Nov-2024 08:31:26.926 INFO [main] org.apache.catalina.core.ApplicationContext.log SessionListener: contextDestroyed()
28-Nov-2024 08:31:26.926 INFO [main] org.apache.catalina.core.ApplicationContext.log ContextListener: contextDestroyed()
28-Nov-2024 08:36:16.420 INFO [main] org.apache.catalina.core.ApplicationContext.log ContextListener: contextInitialized()
28-Nov-2024 08:36:16.420 INFO [main] org.apache.catalina.core.ApplicationContext.log SessionListener: contextInitialized()
28-Nov-2024 08:36:16.426 INFO [main] org.apache.catalina.core.ApplicationContext.log ContextListener: attributeAdded('StockTicker', 'async.Stockticker@11dee337')
28-Nov-2024 08:43:06.417 INFO [main] org.apache.catalina.core.ApplicationContext.log ContextListener: contextInitialized()
28-Nov-2024 08:43:06.417 INFO [main] org.apache.catalina.core.ApplicationContext.log SessionListener: contextInitialized()
28-Nov-2024 08:43:06.420 INFO [main] org.apache.catalina.core.ApplicationContext.log ContextListener: attributeAdded('StockTicker', 'async.Stockticker@15a902e7')
28-Nov-2024 08:43:06.579 INFO [main] org.apache.catalina.core.ApplicationContext.log SessionListener: contextDestroyed()
28-Nov-2024 08:43:06.580 INFO [main] org.apache.catalina.core.ApplicationContext.log ContextListener: contextDestroyed()
28-Nov-2024 08:43:43.842 INFO [main] org.apache.catalina.core.ApplicationContext.log ContextListener: contextInitialized()
28-Nov-2024 08:43:43.843 INFO [main] org.apache.catalina.core.ApplicationContext.log SessionListener: contextInitialized()
28-Nov-2024 08:43:43.847 INFO [main] org.apache.catalina.core.ApplicationContext.log ContextListener: attributeAdded('StockTicker', 'async.Stockticker@55f3c410')
28-Nov-2024 13:57:03.354 INFO [main] org.apache.catalina.core.ApplicationContext.log ContextListener: contextInitialized()
28-Nov-2024 13:57:03.354 INFO [main] org.apache.catalina.core.ApplicationContext.log SessionListener: contextInitialized()
28-Nov-2024 13:57:03.359 INFO [main] org.apache.catalina.core.ApplicationContext.log ContextListener: attributeAdded('StockTicker', 'async.Stockticker@7689ddef')
28-Nov-2024 13:57:03.659 INFO [main] org.apache.catalina.core.ApplicationContext.log SessionListener: contextDestroyed()
28-Nov-2024 13:57:03.659 INFO [main] org.apache.catalina.core.ApplicationContext.log ContextListener: contextDestroyed()
28-Nov-2024 13:59:53.714 INFO [main] org.apache.catalina.core.ApplicationContext.log ContextListener: contextInitialized()
28-Nov-2024 13:59:53.714 INFO [main] org.apache.catalina.core.ApplicationContext.log SessionListener: contextInitialized()
28-Nov-2024 13:59:53.716 INFO [main] org.apache.catalina.core.ApplicationContext.log ContextListener: attributeAdded('StockTicker', 'async.Stockticker@34abdee4')
28-Nov-2024 14:09:12.720 INFO [main] org.apache.catalina.core.ApplicationContext.log ContextListener: contextInitialized()
28-Nov-2024 14:09:12.720 INFO [main] org.apache.catalina.core.ApplicationContext.log SessionListener: contextInitialized()
28-Nov-2024 14:09:12.722 INFO [main] org.apache.catalina.core.ApplicationContext.log ContextListener: attributeAdded('StockTicker', 'async.Stockticker@655a5d9c')
28-Nov-2024 14:13:05.682 INFO [main] org.apache.catalina.core.ApplicationContext.log ContextListener: contextInitialized()
28-Nov-2024 14:13:05.682 INFO [main] org.apache.catalina.core.ApplicationContext.log SessionListener: contextInitialized()
28-Nov-2024 14:13:05.685 INFO [main] org.apache.catalina.core.ApplicationContext.log ContextListener: attributeAdded('StockTicker', 'async.Stockticker@63f34b70')
28-Nov-2024 14:20:33.107 INFO [main] org.apache.catalina.core.ApplicationContext.log ContextListener: contextInitialized()
28-Nov-2024 14:20:33.107 INFO [main] org.apache.catalina.core.ApplicationContext.log SessionListener: contextInitialized()
28-Nov-2024 14:20:33.109 INFO [main] org.apache.catalina.core.ApplicationContext.log ContextListener: attributeAdded('StockTicker', 'async.Stockticker@681aad3b')
28-Nov-2024 14:28:44.963 INFO [main] org.apache.catalina.core.ApplicationContext.log ContextListener: contextInitialized()
28-Nov-2024 14:28:44.963 INFO [main] org.apache.catalina.core.ApplicationContext.log SessionListener: contextInitialized()
28-Nov-2024 14:28:44.965 INFO [main] org.apache.catalina.core.ApplicationContext.log ContextListener: attributeAdded('StockTicker', 'async.Stockticker@63f34b70')
28-Nov-2024 14:49:08.891 INFO [main] org.apache.catalina.core.ApplicationContext.log ContextListener: contextInitialized()
28-Nov-2024 14:49:08.892 INFO [main] org.apache.catalina.core.ApplicationContext.log SessionListener: contextInitialized()
28-Nov-2024 14:49:08.894 INFO [main] org.apache.catalina.core.ApplicationContext.log ContextListener: attributeAdded('StockTicker', 'async.Stockticker@6815c5f2')
28-Nov-2024 14:49:09.056 INFO [main] org.apache.catalina.core.ApplicationContext.log SessionListener: contextDestroyed()
28-Nov-2024 14:49:09.056 INFO [main] org.apache.catalina.core.ApplicationContext.log ContextListener: contextDestroyed()
28-Nov-2024 14:55:44.289 INFO [main] org.apache.catalina.core.ApplicationContext.log ContextListener: contextInitialized()
28-Nov-2024 14:55:44.289 INFO [main] org.apache.catalina.core.ApplicationContext.log SessionListener: contextInitialized()
28-Nov-2024 14:55:44.293 INFO [main] org.apache.catalina.core.ApplicationContext.log ContextListener: attributeAdded('StockTicker', 'async.Stockticker@5f7f2382')
28-Nov-2024 14:55:44.570 INFO [main] org.apache.catalina.core.ApplicationContext.log SessionListener: contextDestroyed()
28-Nov-2024 14:55:44.570 INFO [main] org.apache.catalina.core.ApplicationContext.log ContextListener: contextDestroyed()
28-Nov-2024 15:00:33.734 INFO [main] org.apache.catalina.core.ApplicationContext.log ContextListener: contextInitialized()
28-Nov-2024 15:00:33.734 INFO [main] org.apache.catalina.core.ApplicationContext.log SessionListener: contextInitialized()
28-Nov-2024 15:00:33.736 INFO [main] org.apache.catalina.core.ApplicationContext.log ContextListener: attributeAdded('StockTicker', 'async.Stockticker@2427e004')
28-Nov-2024 15:09:06.775 INFO [main] org.apache.catalina.core.ApplicationContext.log ContextListener: contextInitialized()
28-Nov-2024 15:09:06.775 INFO [main] org.apache.catalina.core.ApplicationContext.log SessionListener: contextInitialized()
28-Nov-2024 15:09:06.777 INFO [main] org.apache.catalina.core.ApplicationContext.log ContextListener: attributeAdded('StockTicker', 'async.Stockticker@681aad3b')
28-Nov-2024 15:15:50.620 INFO [main] org.apache.catalina.core.ApplicationContext.log ContextListener: contextInitialized()
28-Nov-2024 15:15:50.620 INFO [main] org.apache.catalina.core.ApplicationContext.log SessionListener: contextInitialized()
28-Nov-2024 15:15:50.622 INFO [main] org.apache.catalina.core.ApplicationContext.log ContextListener: attributeAdded('StockTicker', 'async.Stockticker@63f34b70')
28-Nov-2024 15:22:11.693 INFO [main] org.apache.catalina.core.ApplicationContext.log ContextListener: contextInitialized()
28-Nov-2024 15:22:11.693 INFO [main] org.apache.catalina.core.ApplicationContext.log SessionListener: contextInitialized()
28-Nov-2024 15:22:11.696 INFO [main] org.apache.catalina.core.ApplicationContext.log ContextListener: attributeAdded('StockTicker', 'async.Stockticker@63f34b70')
28-Nov-2024 15:27:15.048 INFO [main] org.apache.catalina.core.ApplicationContext.log ContextListener: contextInitialized()
28-Nov-2024 15:27:15.048 INFO [main] org.apache.catalina.core.ApplicationContext.log SessionListener: contextInitialized()
28-Nov-2024 15:27:15.051 INFO [main] org.apache.catalina.core.ApplicationContext.log ContextListener: attributeAdded('StockTicker', 'async.Stockticker@641856')
28-Nov-2024 21:38:58.005 INFO [main] org.apache.catalina.core.ApplicationContext.log ContextListener: contextInitialized()
28-Nov-2024 21:38:58.005 INFO [main] org.apache.catalina.core.ApplicationContext.log SessionListener: contextInitialized()
28-Nov-2024 21:38:58.007 INFO [main] org.apache.catalina.core.ApplicationContext.log ContextListener: attributeAdded('StockTicker', 'async.Stockticker@71a9b4c7')
28-Nov-2024 21:38:58.145 INFO [main] org.apache.catalina.core.ApplicationContext.log SessionListener: contextDestroyed()
28-Nov-2024 21:38:58.145 INFO [main] org.apache.catalina.core.ApplicationContext.log ContextListener: contextDestroyed()
28-Nov-2024 21:43:05.924 INFO [main] org.apache.catalina.core.ApplicationContext.log ContextListener: contextInitialized()
28-Nov-2024 21:43:05.924 INFO [main] org.apache.catalina.core.ApplicationContext.log SessionListener: contextInitialized()
28-Nov-2024 21:43:05.926 INFO [main] org.apache.catalina.core.ApplicationContext.log ContextListener: attributeAdded('StockTicker', 'async.Stockticker@46ab18da')
28-Nov-2024 21:43:06.067 INFO [main] org.apache.catalina.core.ApplicationContext.log SessionListener: contextDestroyed()
28-Nov-2024 21:43:06.067 INFO [main] org.apache.catalina.core.ApplicationContext.log ContextListener: contextDestroyed()
28-Nov-2024 21:43:44.301 INFO [main] org.apache.catalina.core.ApplicationContext.log ContextListener: contextInitialized()
28-Nov-2024 21:43:44.301 INFO [main] org.apache.catalina.core.ApplicationContext.log SessionListener: contextInitialized()
28-Nov-2024 21:43:44.302 INFO [main] org.apache.catalina.core.ApplicationContext.log ContextListener: attributeAdded('StockTicker', 'async.Stockticker@5ebd56e9')
28-Nov-2024 21:44:14.687 INFO [http-nio-8080-exec-2] org.apache.catalina.core.ApplicationContext.log Marking servlet [select] as unavailable
28-Nov-2024 21:44:14.687 SEVERE [http-nio-8080-exec-2] org.apache.catalina.core.StandardWrapperValve.invoke Allocate exception for servlet [select]
	java.lang.ClassNotFoundException: select
		at org.apache.catalina.loader.WebappClassLoaderBase.loadClass(WebappClassLoaderBase.java:1339)
		at org.apache.catalina.loader.WebappClassLoaderBase.loadClass(WebappClassLoaderBase.java:1148)
		at org.apache.catalina.core.DefaultInstanceManager.loadClass(DefaultInstanceManager.java:488)
		at org.apache.catalina.core.DefaultInstanceManager.loadClassMaybePrivileged(DefaultInstanceManager.java:470)
		at org.apache.catalina.core.DefaultInstanceManager.newInstance(DefaultInstanceManager.java:142)
		at org.apache.catalina.core.StandardWrapper.loadServlet(StandardWrapper.java:898)
		at org.apache.catalina.core.StandardWrapper.allocate(StandardWrapper.java:659)
		at org.apache.catalina.core.StandardWrapperValve.invoke(StandardWrapperValve.java:116)
		at org.apache.catalina.core.StandardContextValve.invoke(StandardContextValve.java:90)
		at org.apache.catalina.authenticator.AuthenticatorBase.invoke(AuthenticatorBase.java:482)
		at org.apache.catalina.core.StandardHostValve.invoke(StandardHostValve.java:130)
		at org.apache.catalina.valves.ErrorReportValve.invoke(ErrorReportValve.java:93)
		at org.apache.catalina.valves.AbstractAccessLogValve.invoke(AbstractAccessLogValve.java:660)
		at org.apache.catalina.core.StandardEngineValve.invoke(StandardEngineValve.java:74)
		at org.apache.catalina.connector.CoyoteAdapter.service(CoyoteAdapter.java:346)
		at org.apache.coyote.http11.Http11Processor.service(Http11Processor.java:396)
		at org.apache.coyote.AbstractProcessorLight.process(AbstractProcessorLight.java:63)
		at org.apache.coyote.AbstractProtocol$ConnectionHandler.process(AbstractProtocol.java:937)
		at org.apache.tomcat.util.net.NioEndpoint$SocketProcessor.doRun(NioEndpoint.java:1791)
		at org.apache.tomcat.util.net.SocketProcessorBase.run(SocketProcessorBase.java:52)
		at org.apache.tomcat.util.threads.ThreadPoolExecutor.runWorker(ThreadPoolExecutor.java:1190)
		at org.apache.tomcat.util.threads.ThreadPoolExecutor$Worker.run(ThreadPoolExecutor.java:659)
		at org.apache.tomcat.util.threads.TaskThread$WrappingRunnable.run(TaskThread.java:63)
		at java.base/java.lang.Thread.run(Thread.java:1570)
28-Nov-2024 22:04:52.723 INFO [main] org.apache.catalina.core.ApplicationContext.log ContextListener: contextInitialized()
28-Nov-2024 22:04:52.723 INFO [main] org.apache.catalina.core.ApplicationContext.log SessionListener: contextInitialized()
28-Nov-2024 22:04:52.727 INFO [main] org.apache.catalina.core.ApplicationContext.log ContextListener: attributeAdded('StockTicker', 'async.Stockticker@641856')
28-Nov-2024 22:05:09.332 INFO [http-nio-8080-exec-1] org.apache.catalina.core.ApplicationContext.log Marking servlet [select] as unavailable
28-Nov-2024 22:05:09.332 SEVERE [http-nio-8080-exec-1] org.apache.catalina.core.StandardWrapperValve.invoke Allocate exception for servlet [select]
	java.lang.ClassNotFoundException: select
		at org.apache.catalina.loader.WebappClassLoaderBase.loadClass(WebappClassLoaderBase.java:1339)
		at org.apache.catalina.loader.WebappClassLoaderBase.loadClass(WebappClassLoaderBase.java:1148)
		at org.apache.catalina.core.DefaultInstanceManager.loadClass(DefaultInstanceManager.java:488)
		at org.apache.catalina.core.DefaultInstanceManager.loadClassMaybePrivileged(DefaultInstanceManager.java:470)
		at org.apache.catalina.core.DefaultInstanceManager.newInstance(DefaultInstanceManager.java:142)
		at org.apache.catalina.core.StandardWrapper.loadServlet(StandardWrapper.java:898)
		at org.apache.catalina.core.StandardWrapper.allocate(StandardWrapper.java:659)
		at org.apache.catalina.core.StandardWrapperValve.invoke(StandardWrapperValve.java:116)
		at org.apache.catalina.core.StandardContextValve.invoke(StandardContextValve.java:90)
		at org.apache.catalina.authenticator.AuthenticatorBase.invoke(AuthenticatorBase.java:482)
		at org.apache.catalina.core.StandardHostValve.invoke(StandardHostValve.java:130)
		at org.apache.catalina.valves.ErrorReportValve.invoke(ErrorReportValve.java:93)
		at org.apache.catalina.valves.AbstractAccessLogValve.invoke(AbstractAccessLogValve.java:660)
		at org.apache.catalina.core.StandardEngineValve.invoke(StandardEngineValve.java:74)
		at org.apache.catalina.connector.CoyoteAdapter.service(CoyoteAdapter.java:346)
		at org.apache.coyote.http11.Http11Processor.service(Http11Processor.java:396)
		at org.apache.coyote.AbstractProcessorLight.process(AbstractProcessorLight.java:63)
		at org.apache.coyote.AbstractProtocol$ConnectionHandler.process(AbstractProtocol.java:937)
		at org.apache.tomcat.util.net.NioEndpoint$SocketProcessor.doRun(NioEndpoint.java:1791)
		at org.apache.tomcat.util.net.SocketProcessorBase.run(SocketProcessorBase.java:52)
		at org.apache.tomcat.util.threads.ThreadPoolExecutor.runWorker(ThreadPoolExecutor.java:1190)
		at org.apache.tomcat.util.threads.ThreadPoolExecutor$Worker.run(ThreadPoolExecutor.java:659)
		at org.apache.tomcat.util.threads.TaskThread$WrappingRunnable.run(TaskThread.java:63)
		at java.base/java.lang.Thread.run(Thread.java:1570)
28-Nov-2024 22:06:31.963 INFO [http-nio-8080-exec-5] org.apache.catalina.core.ApplicationContext.log Marking servlet [select] as unavailable
28-Nov-2024 22:06:31.963 SEVERE [http-nio-8080-exec-5] org.apache.catalina.core.StandardWrapperValve.invoke Allocate exception for servlet [select]
	java.lang.ClassNotFoundException: select
		at org.apache.catalina.loader.WebappClassLoaderBase.loadClass(WebappClassLoaderBase.java:1339)
		at org.apache.catalina.loader.WebappClassLoaderBase.loadClass(WebappClassLoaderBase.java:1148)
		at org.apache.catalina.core.DefaultInstanceManager.loadClass(DefaultInstanceManager.java:488)
		at org.apache.catalina.core.DefaultInstanceManager.loadClassMaybePrivileged(DefaultInstanceManager.java:470)
		at org.apache.catalina.core.DefaultInstanceManager.newInstance(DefaultInstanceManager.java:142)
		at org.apache.catalina.core.StandardWrapper.loadServlet(StandardWrapper.java:898)
		at org.apache.catalina.core.StandardWrapper.allocate(StandardWrapper.java:659)
		at org.apache.catalina.core.StandardWrapperValve.invoke(StandardWrapperValve.java:116)
		at org.apache.catalina.core.StandardContextValve.invoke(StandardContextValve.java:90)
		at org.apache.catalina.authenticator.AuthenticatorBase.invoke(AuthenticatorBase.java:482)
		at org.apache.catalina.core.StandardHostValve.invoke(StandardHostValve.java:130)
		at org.apache.catalina.valves.ErrorReportValve.invoke(ErrorReportValve.java:93)
		at org.apache.catalina.valves.AbstractAccessLogValve.invoke(AbstractAccessLogValve.java:660)
		at org.apache.catalina.core.StandardEngineValve.invoke(StandardEngineValve.java:74)
		at org.apache.catalina.connector.CoyoteAdapter.service(CoyoteAdapter.java:346)
		at org.apache.coyote.http11.Http11Processor.service(Http11Processor.java:396)
		at org.apache.coyote.AbstractProcessorLight.process(AbstractProcessorLight.java:63)
		at org.apache.coyote.AbstractProtocol$ConnectionHandler.process(AbstractProtocol.java:937)
		at org.apache.tomcat.util.net.NioEndpoint$SocketProcessor.doRun(NioEndpoint.java:1791)
		at org.apache.tomcat.util.net.SocketProcessorBase.run(SocketProcessorBase.java:52)
		at org.apache.tomcat.util.threads.ThreadPoolExecutor.runWorker(ThreadPoolExecutor.java:1190)
		at org.apache.tomcat.util.threads.ThreadPoolExecutor$Worker.run(ThreadPoolExecutor.java:659)
		at org.apache.tomcat.util.threads.TaskThread$WrappingRunnable.run(TaskThread.java:63)
		at java.base/java.lang.Thread.run(Thread.java:1570)
28-Nov-2024 22:10:54.760 INFO [main] org.apache.catalina.core.ApplicationContext.log ContextListener: contextInitialized()
28-Nov-2024 22:10:54.760 INFO [main] org.apache.catalina.core.ApplicationContext.log SessionListener: contextInitialized()
28-Nov-2024 22:10:54.765 INFO [main] org.apache.catalina.core.ApplicationContext.log ContextListener: attributeAdded('StockTicker', 'async.Stockticker@790174f2')
28-Nov-2024 22:10:55.077 INFO [main] org.apache.catalina.core.ApplicationContext.log SessionListener: contextDestroyed()
28-Nov-2024 22:10:55.077 INFO [main] org.apache.catalina.core.ApplicationContext.log ContextListener: contextDestroyed()
28-Nov-2024 22:14:48.161 INFO [main] org.apache.catalina.core.ApplicationContext.log ContextListener: contextInitialized()
28-Nov-2024 22:14:48.161 INFO [main] org.apache.catalina.core.ApplicationContext.log SessionListener: contextInitialized()
28-Nov-2024 22:14:48.165 INFO [main] org.apache.catalina.core.ApplicationContext.log ContextListener: attributeAdded('StockTicker', 'async.Stockticker@681aad3b')
28-Nov-2024 22:15:00.432 INFO [http-nio-8080-exec-1] org.apache.catalina.core.ApplicationContext.log Marking servlet [select] as unavailable
28-Nov-2024 22:15:00.433 SEVERE [http-nio-8080-exec-1] org.apache.catalina.core.StandardWrapperValve.invoke Allocate exception for servlet [select]
	java.lang.ClassNotFoundException: select
		at org.apache.catalina.loader.WebappClassLoaderBase.loadClass(WebappClassLoaderBase.java:1339)
		at org.apache.catalina.loader.WebappClassLoaderBase.loadClass(WebappClassLoaderBase.java:1148)
		at org.apache.catalina.core.DefaultInstanceManager.loadClass(DefaultInstanceManager.java:488)
		at org.apache.catalina.core.DefaultInstanceManager.loadClassMaybePrivileged(DefaultInstanceManager.java:470)
		at org.apache.catalina.core.DefaultInstanceManager.newInstance(DefaultInstanceManager.java:142)
		at org.apache.catalina.core.StandardWrapper.loadServlet(StandardWrapper.java:898)
		at org.apache.catalina.core.StandardWrapper.allocate(StandardWrapper.java:659)
		at org.apache.catalina.core.StandardWrapperValve.invoke(StandardWrapperValve.java:116)
		at org.apache.catalina.core.StandardContextValve.invoke(StandardContextValve.java:90)
		at org.apache.catalina.authenticator.AuthenticatorBase.invoke(AuthenticatorBase.java:482)
		at org.apache.catalina.core.StandardHostValve.invoke(StandardHostValve.java:130)
		at org.apache.catalina.valves.ErrorReportValve.invoke(ErrorReportValve.java:93)
		at org.apache.catalina.valves.AbstractAccessLogValve.invoke(AbstractAccessLogValve.java:660)
		at org.apache.catalina.core.StandardEngineValve.invoke(StandardEngineValve.java:74)
		at org.apache.catalina.connector.CoyoteAdapter.service(CoyoteAdapter.java:346)
		at org.apache.coyote.http11.Http11Processor.service(Http11Processor.java:396)
		at org.apache.coyote.AbstractProcessorLight.process(AbstractProcessorLight.java:63)
		at org.apache.coyote.AbstractProtocol$ConnectionHandler.process(AbstractProtocol.java:937)
		at org.apache.tomcat.util.net.NioEndpoint$SocketProcessor.doRun(NioEndpoint.java:1791)
		at org.apache.tomcat.util.net.SocketProcessorBase.run(SocketProcessorBase.java:52)
		at org.apache.tomcat.util.threads.ThreadPoolExecutor.runWorker(ThreadPoolExecutor.java:1190)
		at org.apache.tomcat.util.threads.ThreadPoolExecutor$Worker.run(ThreadPoolExecutor.java:659)
		at org.apache.tomcat.util.threads.TaskThread$WrappingRunnable.run(TaskThread.java:63)
		at java.base/java.lang.Thread.run(Thread.java:1570)
28-Nov-2024 22:19:00.800 INFO [main] org.apache.catalina.core.ApplicationContext.log ContextListener: contextInitialized()
28-Nov-2024 22:19:00.800 INFO [main] org.apache.catalina.core.ApplicationContext.log SessionListener: contextInitialized()
28-Nov-2024 22:19:00.805 INFO [main] org.apache.catalina.core.ApplicationContext.log ContextListener: attributeAdded('StockTicker', 'async.Stockticker@641856')
28-Nov-2024 22:27:35.468 INFO [main] org.apache.catalina.core.ApplicationContext.log ContextListener: contextInitialized()
28-Nov-2024 22:27:35.468 INFO [main] org.apache.catalina.core.ApplicationContext.log SessionListener: contextInitialized()
28-Nov-2024 22:27:35.470 INFO [main] org.apache.catalina.core.ApplicationContext.log ContextListener: attributeAdded('StockTicker', 'async.Stockticker@641856')
