02-Dec-2024 00:11:48.925 INFO [main] org.apache.catalina.core.ApplicationContext.log ContextListener: contextInitialized()
02-Dec-2024 00:11:48.925 INFO [main] org.apache.catalina.core.ApplicationContext.log SessionListener: contextInitialized()
02-Dec-2024 00:11:48.927 INFO [main] org.apache.catalina.core.ApplicationContext.log ContextListener: attributeAdded('StockTicker', 'async.Stockticker@2427e004')
02-Dec-2024 00:11:49.092 INFO [main] org.apache.catalina.core.ApplicationContext.log SessionListener: contextDestroyed()
02-Dec-2024 00:11:49.092 INFO [main] org.apache.catalina.core.ApplicationContext.log ContextListener: contextDestroyed()
02-Dec-2024 00:12:09.668 INFO [main] org.apache.catalina.core.ApplicationContext.log ContextListener: contextInitialized()
02-Dec-2024 00:12:09.668 INFO [main] org.apache.catalina.core.ApplicationContext.log SessionListener: contextInitialized()
02-Dec-2024 00:12:09.670 INFO [main] org.apache.catalina.core.ApplicationContext.log ContextListener: attributeAdded('StockTicker', 'async.Stockticker@1c32886a')
02-Dec-2024 00:12:09.811 INFO [main] org.apache.catalina.core.ApplicationContext.log SessionListener: contextDestroyed()
02-Dec-2024 00:12:09.811 INFO [main] org.apache.catalina.core.ApplicationContext.log ContextListener: contextDestroyed()
02-Dec-2024 00:14:13.314 INFO [main] org.apache.catalina.core.ApplicationContext.log ContextListener: contextInitialized()
02-Dec-2024 00:14:13.314 INFO [main] org.apache.catalina.core.ApplicationContext.log SessionListener: contextInitialized()
02-Dec-2024 00:14:13.317 INFO [main] org.apache.catalina.core.ApplicationContext.log ContextListener: attributeAdded('StockTicker', 'async.Stockticker@42257bdd')
02-Dec-2024 00:14:13.477 INFO [main] org.apache.catalina.core.ApplicationContext.log SessionListener: contextDestroyed()
02-Dec-2024 00:14:13.477 INFO [main] org.apache.catalina.core.ApplicationContext.log ContextListener: contextDestroyed()
02-Dec-2024 00:17:30.081 INFO [main] org.apache.catalina.core.ApplicationContext.log ContextListener: contextInitialized()
02-Dec-2024 00:17:30.082 INFO [main] org.apache.catalina.core.ApplicationContext.log SessionListener: contextInitialized()
02-Dec-2024 00:17:30.083 INFO [main] org.apache.catalina.core.ApplicationContext.log ContextListener: attributeAdded('StockTicker', 'async.Stockticker@1b58ff9e')
02-Dec-2024 00:19:02.008 INFO [main] org.apache.catalina.core.ApplicationContext.log ContextListener: contextInitialized()
02-Dec-2024 00:19:02.008 INFO [main] org.apache.catalina.core.ApplicationContext.log SessionListener: contextInitialized()
02-Dec-2024 00:19:02.010 INFO [main] org.apache.catalina.core.ApplicationContext.log ContextListener: attributeAdded('StockTicker', 'async.Stockticker@70925b45')
02-Dec-2024 00:19:02.148 INFO [main] org.apache.catalina.core.ApplicationContext.log SessionListener: contextDestroyed()
02-Dec-2024 00:19:02.148 INFO [main] org.apache.catalina.core.ApplicationContext.log ContextListener: contextDestroyed()
