01-Dec-2024 00:05:00.422 INFO [main] org.apache.catalina.core.ApplicationContext.log ContextListener: contextInitialized()
01-Dec-2024 00:05:00.422 INFO [main] org.apache.catalina.core.ApplicationContext.log SessionListener: contextInitialized()
01-Dec-2024 00:05:00.424 INFO [main] org.apache.catalina.core.ApplicationContext.log ContextListener: attributeAdded('StockTicker', 'async.Stockticker@2f66e802')
01-Dec-2024 00:11:06.035 INFO [main] org.apache.catalina.core.ApplicationContext.log ContextListener: contextInitialized()
01-Dec-2024 00:11:06.035 INFO [main] org.apache.catalina.core.ApplicationContext.log SessionListener: contextInitialized()
01-Dec-2024 00:11:06.037 INFO [main] org.apache.catalina.core.ApplicationContext.log ContextListener: attributeAdded('StockTicker', 'async.Stockticker@4b629f13')
01-Dec-2024 00:11:06.190 INFO [main] org.apache.catalina.core.ApplicationContext.log SessionListener: contextDestroyed()
01-Dec-2024 00:11:06.190 INFO [main] org.apache.catalina.core.ApplicationContext.log ContextListener: contextDestroyed()
01-Dec-2024 00:13:16.107 INFO [main] org.apache.catalina.core.ApplicationContext.log ContextListener: contextInitialized()
01-Dec-2024 00:13:16.107 INFO [main] org.apache.catalina.core.ApplicationContext.log SessionListener: contextInitialized()
01-Dec-2024 00:13:16.110 INFO [main] org.apache.catalina.core.ApplicationContext.log ContextListener: attributeAdded('StockTicker', 'async.Stockticker@7689ddef')
01-Dec-2024 00:13:16.265 INFO [main] org.apache.catalina.core.ApplicationContext.log SessionListener: contextDestroyed()
01-Dec-2024 00:13:16.265 INFO [main] org.apache.catalina.core.ApplicationContext.log ContextListener: contextDestroyed()
01-Dec-2024 00:21:39.934 INFO [main] org.apache.catalina.core.ApplicationContext.log ContextListener: contextInitialized()
01-Dec-2024 00:21:39.934 INFO [main] org.apache.catalina.core.ApplicationContext.log SessionListener: contextInitialized()
01-Dec-2024 00:21:39.936 INFO [main] org.apache.catalina.core.ApplicationContext.log ContextListener: attributeAdded('StockTicker', 'async.Stockticker@733c423e')
01-Dec-2024 00:21:40.089 INFO [main] org.apache.catalina.core.ApplicationContext.log SessionListener: contextDestroyed()
01-Dec-2024 00:21:40.089 INFO [main] org.apache.catalina.core.ApplicationContext.log ContextListener: contextDestroyed()
01-Dec-2024 18:36:07.199 INFO [main] org.apache.catalina.core.ApplicationContext.log ContextListener: contextInitialized()
01-Dec-2024 18:36:07.199 INFO [main] org.apache.catalina.core.ApplicationContext.log SessionListener: contextInitialized()
01-Dec-2024 18:36:07.202 INFO [main] org.apache.catalina.core.ApplicationContext.log ContextListener: attributeAdded('StockTicker', 'async.Stockticker@76318a7d')
01-Dec-2024 18:25:03.549 INFO [main] org.apache.catalina.core.ApplicationContext.log ContextListener: contextInitialized()
01-Dec-2024 18:25:03.549 INFO [main] org.apache.catalina.core.ApplicationContext.log SessionListener: contextInitialized()
01-Dec-2024 18:25:03.552 INFO [main] org.apache.catalina.core.ApplicationContext.log ContextListener: attributeAdded('StockTicker', 'async.Stockticker@2f66e802')
01-Dec-2024 18:26:24.641 INFO [main] org.apache.catalina.core.ApplicationContext.log ContextListener: contextInitialized()
01-Dec-2024 18:26:24.641 INFO [main] org.apache.catalina.core.ApplicationContext.log SessionListener: contextInitialized()
01-Dec-2024 18:26:24.643 INFO [main] org.apache.catalina.core.ApplicationContext.log ContextListener: attributeAdded('StockTicker', 'async.Stockticker@76318a7d')
01-Dec-2024 18:29:33.500 INFO [main] org.apache.catalina.core.ApplicationContext.log ContextListener: contextInitialized()
01-Dec-2024 18:29:33.500 INFO [main] org.apache.catalina.core.ApplicationContext.log SessionListener: contextInitialized()
01-Dec-2024 18:29:33.504 INFO [main] org.apache.catalina.core.ApplicationContext.log ContextListener: attributeAdded('StockTicker', 'async.Stockticker@76318a7d')
01-Dec-2024 18:35:35.732 INFO [main] org.apache.catalina.core.ApplicationContext.log ContextListener: contextInitialized()
01-Dec-2024 18:35:35.732 INFO [main] org.apache.catalina.core.ApplicationContext.log SessionListener: contextInitialized()
01-Dec-2024 18:35:35.735 INFO [main] org.apache.catalina.core.ApplicationContext.log ContextListener: attributeAdded('StockTicker', 'async.Stockticker@76318a7d')
01-Dec-2024 18:39:54.796 INFO [main] org.apache.catalina.core.ApplicationContext.log ContextListener: contextInitialized()
01-Dec-2024 18:39:54.796 INFO [main] org.apache.catalina.core.ApplicationContext.log SessionListener: contextInitialized()
01-Dec-2024 18:39:54.803 INFO [main] org.apache.catalina.core.ApplicationContext.log ContextListener: attributeAdded('StockTicker', 'async.Stockticker@733c423e')
01-Dec-2024 18:39:55.114 INFO [main] org.apache.catalina.core.ApplicationContext.log SessionListener: contextDestroyed()
01-Dec-2024 18:39:55.114 INFO [main] org.apache.catalina.core.ApplicationContext.log ContextListener: contextDestroyed()
01-Dec-2024 18:50:18.349 INFO [main] org.apache.catalina.core.ApplicationContext.log ContextListener: contextInitialized()
01-Dec-2024 18:50:18.349 INFO [main] org.apache.catalina.core.ApplicationContext.log SessionListener: contextInitialized()
01-Dec-2024 18:50:18.354 INFO [main] org.apache.catalina.core.ApplicationContext.log ContextListener: attributeAdded('StockTicker', 'async.Stockticker@2f66e802')
01-Dec-2024 21:57:35.253 INFO [main] org.apache.catalina.core.ApplicationContext.log ContextListener: contextInitialized()
01-Dec-2024 21:57:35.253 INFO [main] org.apache.catalina.core.ApplicationContext.log SessionListener: contextInitialized()
01-Dec-2024 21:57:35.255 INFO [main] org.apache.catalina.core.ApplicationContext.log ContextListener: attributeAdded('StockTicker', 'async.Stockticker@76318a7d')
01-Dec-2024 22:14:56.704 INFO [main] org.apache.catalina.core.ApplicationContext.log ContextListener: contextInitialized()
01-Dec-2024 22:14:56.704 INFO [main] org.apache.catalina.core.ApplicationContext.log SessionListener: contextInitialized()
01-Dec-2024 22:14:56.706 INFO [main] org.apache.catalina.core.ApplicationContext.log ContextListener: attributeAdded('StockTicker', 'async.Stockticker@2f66e802')
01-Dec-2024 22:20:47.081 INFO [main] org.apache.catalina.core.ApplicationContext.log ContextListener: contextInitialized()
01-Dec-2024 22:20:47.082 INFO [main] org.apache.catalina.core.ApplicationContext.log SessionListener: contextInitialized()
01-Dec-2024 22:20:47.083 INFO [main] org.apache.catalina.core.ApplicationContext.log ContextListener: attributeAdded('StockTicker', 'async.Stockticker@2a492f2a')
01-Dec-2024 22:34:47.732 INFO [main] org.apache.catalina.core.ApplicationContext.log ContextListener: contextInitialized()
01-Dec-2024 22:34:47.732 INFO [main] org.apache.catalina.core.ApplicationContext.log SessionListener: contextInitialized()
01-Dec-2024 22:34:47.735 INFO [main] org.apache.catalina.core.ApplicationContext.log ContextListener: attributeAdded('StockTicker', 'async.Stockticker@4b629f13')
01-Dec-2024 22:34:47.917 INFO [main] org.apache.catalina.core.ApplicationContext.log SessionListener: contextDestroyed()
01-Dec-2024 22:34:47.917 INFO [main] org.apache.catalina.core.ApplicationContext.log ContextListener: contextDestroyed()
01-Dec-2024 22:37:56.201 INFO [main] org.apache.catalina.core.ApplicationContext.log ContextListener: contextInitialized()
01-Dec-2024 22:37:56.201 INFO [main] org.apache.catalina.core.ApplicationContext.log SessionListener: contextInitialized()
01-Dec-2024 22:37:56.204 INFO [main] org.apache.catalina.core.ApplicationContext.log ContextListener: attributeAdded('StockTicker', 'async.Stockticker@1a2e2935')
01-Dec-2024 22:37:56.345 INFO [main] org.apache.catalina.core.ApplicationContext.log SessionListener: contextDestroyed()
01-Dec-2024 22:37:56.345 INFO [main] org.apache.catalina.core.ApplicationContext.log ContextListener: contextDestroyed()
01-Dec-2024 22:38:50.584 INFO [main] org.apache.catalina.core.ApplicationContext.log ContextListener: contextInitialized()
01-Dec-2024 22:38:50.584 INFO [main] org.apache.catalina.core.ApplicationContext.log SessionListener: contextInitialized()
01-Dec-2024 22:38:50.585 INFO [main] org.apache.catalina.core.ApplicationContext.log ContextListener: attributeAdded('StockTicker', 'async.Stockticker@3277e499')
01-Dec-2024 23:13:28.808 INFO [main] org.apache.catalina.core.ApplicationContext.log ContextListener: contextInitialized()
01-Dec-2024 23:13:28.808 INFO [main] org.apache.catalina.core.ApplicationContext.log SessionListener: contextInitialized()
01-Dec-2024 23:13:28.809 INFO [main] org.apache.catalina.core.ApplicationContext.log ContextListener: attributeAdded('StockTicker', 'async.Stockticker@3d3f761a')
01-Dec-2024 23:13:28.944 INFO [main] org.apache.catalina.core.ApplicationContext.log SessionListener: contextDestroyed()
01-Dec-2024 23:13:28.944 INFO [main] org.apache.catalina.core.ApplicationContext.log ContextListener: contextDestroyed()
01-Dec-2024 23:13:47.317 INFO [http-nio-8080-exec-3] org.apache.catalina.core.ApplicationContext.log Marking servlet [report] as unavailable
01-Dec-2024 23:13:47.317 SEVERE [http-nio-8080-exec-3] org.apache.catalina.core.ApplicationDispatcher.invoke Allocate exception for servlet [report]
	java.lang.ClassNotFoundException: report
		at org.apache.catalina.loader.WebappClassLoaderBase.loadClass(WebappClassLoaderBase.java:1339)
		at org.apache.catalina.loader.WebappClassLoaderBase.loadClass(WebappClassLoaderBase.java:1148)
		at org.apache.catalina.core.DefaultInstanceManager.loadClass(DefaultInstanceManager.java:488)
		at org.apache.catalina.core.DefaultInstanceManager.loadClassMaybePrivileged(DefaultInstanceManager.java:470)
		at org.apache.catalina.core.DefaultInstanceManager.newInstance(DefaultInstanceManager.java:142)
		at org.apache.catalina.core.StandardWrapper.loadServlet(StandardWrapper.java:898)
		at org.apache.catalina.core.StandardWrapper.allocate(StandardWrapper.java:659)
		at org.apache.catalina.core.ApplicationDispatcher.invoke(ApplicationDispatcher.java:620)
		at org.apache.catalina.core.ApplicationDispatcher.processRequest(ApplicationDispatcher.java:415)
		at org.apache.catalina.core.ApplicationDispatcher.doForward(ApplicationDispatcher.java:347)
		at org.apache.catalina.core.ApplicationDispatcher.forward(ApplicationDispatcher.java:284)
		at select.doGet(select.java:33)
		at javax.servlet.http.HttpServlet.service(HttpServlet.java:529)
		at javax.servlet.http.HttpServlet.service(HttpServlet.java:623)
		at org.apache.catalina.core.ApplicationFilterChain.internalDoFilter(ApplicationFilterChain.java:199)
		at org.apache.catalina.core.ApplicationFilterChain.doFilter(ApplicationFilterChain.java:144)
		at org.apache.tomcat.websocket.server.WsFilter.doFilter(WsFilter.java:51)
		at org.apache.catalina.core.ApplicationFilterChain.internalDoFilter(ApplicationFilterChain.java:168)
		at org.apache.catalina.core.ApplicationFilterChain.doFilter(ApplicationFilterChain.java:144)
		at org.apache.catalina.core.StandardWrapperValve.invoke(StandardWrapperValve.java:168)
		at org.apache.catalina.core.StandardContextValve.invoke(StandardContextValve.java:90)
		at org.apache.catalina.authenticator.AuthenticatorBase.invoke(AuthenticatorBase.java:482)
		at org.apache.catalina.core.StandardHostValve.invoke(StandardHostValve.java:130)
		at org.apache.catalina.valves.ErrorReportValve.invoke(ErrorReportValve.java:93)
		at org.apache.catalina.valves.AbstractAccessLogValve.invoke(AbstractAccessLogValve.java:660)
		at org.apache.catalina.core.StandardEngineValve.invoke(StandardEngineValve.java:74)
		at org.apache.catalina.connector.CoyoteAdapter.service(CoyoteAdapter.java:346)
		at org.apache.coyote.http11.Http11Processor.service(Http11Processor.java:396)
		at org.apache.coyote.AbstractProcessorLight.process(AbstractProcessorLight.java:63)
		at org.apache.coyote.AbstractProtocol$ConnectionHandler.process(AbstractProtocol.java:937)
		at org.apache.tomcat.util.net.NioEndpoint$SocketProcessor.doRun(NioEndpoint.java:1791)
		at org.apache.tomcat.util.net.SocketProcessorBase.run(SocketProcessorBase.java:52)
		at org.apache.tomcat.util.threads.ThreadPoolExecutor.runWorker(ThreadPoolExecutor.java:1190)
		at org.apache.tomcat.util.threads.ThreadPoolExecutor$Worker.run(ThreadPoolExecutor.java:659)
		at org.apache.tomcat.util.threads.TaskThread$WrappingRunnable.run(TaskThread.java:63)
		at java.base/java.lang.Thread.run(Thread.java:1570)
01-Dec-2024 23:13:47.318 SEVERE [http-nio-8080-exec-3] org.apache.catalina.core.StandardWrapperValve.invoke Servlet.service() for servlet [select] in context with path [/demo] threw exception [Error instantiating servlet class [report]] with root cause
	java.lang.ClassNotFoundException: report
		at org.apache.catalina.loader.WebappClassLoaderBase.loadClass(WebappClassLoaderBase.java:1339)
		at org.apache.catalina.loader.WebappClassLoaderBase.loadClass(WebappClassLoaderBase.java:1148)
		at org.apache.catalina.core.DefaultInstanceManager.loadClass(DefaultInstanceManager.java:488)
		at org.apache.catalina.core.DefaultInstanceManager.loadClassMaybePrivileged(DefaultInstanceManager.java:470)
		at org.apache.catalina.core.DefaultInstanceManager.newInstance(DefaultInstanceManager.java:142)
		at org.apache.catalina.core.StandardWrapper.loadServlet(StandardWrapper.java:898)
		at org.apache.catalina.core.StandardWrapper.allocate(StandardWrapper.java:659)
		at org.apache.catalina.core.ApplicationDispatcher.invoke(ApplicationDispatcher.java:620)
		at org.apache.catalina.core.ApplicationDispatcher.processRequest(ApplicationDispatcher.java:415)
		at org.apache.catalina.core.ApplicationDispatcher.doForward(ApplicationDispatcher.java:347)
		at org.apache.catalina.core.ApplicationDispatcher.forward(ApplicationDispatcher.java:284)
		at select.doGet(select.java:33)
		at javax.servlet.http.HttpServlet.service(HttpServlet.java:529)
		at javax.servlet.http.HttpServlet.service(HttpServlet.java:623)
		at org.apache.catalina.core.ApplicationFilterChain.internalDoFilter(ApplicationFilterChain.java:199)
		at org.apache.catalina.core.ApplicationFilterChain.doFilter(ApplicationFilterChain.java:144)
		at org.apache.tomcat.websocket.server.WsFilter.doFilter(WsFilter.java:51)
		at org.apache.catalina.core.ApplicationFilterChain.internalDoFilter(ApplicationFilterChain.java:168)
		at org.apache.catalina.core.ApplicationFilterChain.doFilter(ApplicationFilterChain.java:144)
		at org.apache.catalina.core.StandardWrapperValve.invoke(StandardWrapperValve.java:168)
		at org.apache.catalina.core.StandardContextValve.invoke(StandardContextValve.java:90)
		at org.apache.catalina.authenticator.AuthenticatorBase.invoke(AuthenticatorBase.java:482)
		at org.apache.catalina.core.StandardHostValve.invoke(StandardHostValve.java:130)
		at org.apache.catalina.valves.ErrorReportValve.invoke(ErrorReportValve.java:93)
		at org.apache.catalina.valves.AbstractAccessLogValve.invoke(AbstractAccessLogValve.java:660)
		at org.apache.catalina.core.StandardEngineValve.invoke(StandardEngineValve.java:74)
		at org.apache.catalina.connector.CoyoteAdapter.service(CoyoteAdapter.java:346)
		at org.apache.coyote.http11.Http11Processor.service(Http11Processor.java:396)
		at org.apache.coyote.AbstractProcessorLight.process(AbstractProcessorLight.java:63)
		at org.apache.coyote.AbstractProtocol$ConnectionHandler.process(AbstractProtocol.java:937)
		at org.apache.tomcat.util.net.NioEndpoint$SocketProcessor.doRun(NioEndpoint.java:1791)
		at org.apache.tomcat.util.net.SocketProcessorBase.run(SocketProcessorBase.java:52)
		at org.apache.tomcat.util.threads.ThreadPoolExecutor.runWorker(ThreadPoolExecutor.java:1190)
		at org.apache.tomcat.util.threads.ThreadPoolExecutor$Worker.run(ThreadPoolExecutor.java:659)
		at org.apache.tomcat.util.threads.TaskThread$WrappingRunnable.run(TaskThread.java:63)
		at java.base/java.lang.Thread.run(Thread.java:1570)
01-Dec-2024 23:16:21.120 INFO [main] org.apache.catalina.core.ApplicationContext.log ContextListener: contextInitialized()
01-Dec-2024 23:16:21.120 INFO [main] org.apache.catalina.core.ApplicationContext.log SessionListener: contextInitialized()
01-Dec-2024 23:16:21.122 INFO [main] org.apache.catalina.core.ApplicationContext.log ContextListener: attributeAdded('StockTicker', 'async.Stockticker@2a492f2a')
01-Dec-2024 23:27:14.581 INFO [main] org.apache.catalina.core.ApplicationContext.log ContextListener: contextInitialized()
01-Dec-2024 23:27:14.581 INFO [main] org.apache.catalina.core.ApplicationContext.log SessionListener: contextInitialized()
01-Dec-2024 23:27:14.584 INFO [main] org.apache.catalina.core.ApplicationContext.log ContextListener: attributeAdded('StockTicker', 'async.Stockticker@4b629f13')
01-Dec-2024 23:27:14.819 INFO [main] org.apache.catalina.core.ApplicationContext.log SessionListener: contextDestroyed()
01-Dec-2024 23:27:14.820 INFO [main] org.apache.catalina.core.ApplicationContext.log ContextListener: contextDestroyed()
01-Dec-2024 23:33:19.219 INFO [main] org.apache.catalina.core.ApplicationContext.log ContextListener: contextInitialized()
01-Dec-2024 23:33:19.219 INFO [main] org.apache.catalina.core.ApplicationContext.log SessionListener: contextInitialized()
01-Dec-2024 23:33:19.221 INFO [main] org.apache.catalina.core.ApplicationContext.log ContextListener: attributeAdded('StockTicker', 'async.Stockticker@1df98368')
01-Dec-2024 23:36:18.107 INFO [main] org.apache.catalina.core.ApplicationContext.log ContextListener: contextInitialized()
01-Dec-2024 23:36:18.107 INFO [main] org.apache.catalina.core.ApplicationContext.log SessionListener: contextInitialized()
01-Dec-2024 23:36:18.109 INFO [main] org.apache.catalina.core.ApplicationContext.log ContextListener: attributeAdded('StockTicker', 'async.Stockticker@4b629f13')
01-Dec-2024 23:36:18.249 INFO [main] org.apache.catalina.core.ApplicationContext.log SessionListener: contextDestroyed()
01-Dec-2024 23:36:18.249 INFO [main] org.apache.catalina.core.ApplicationContext.log ContextListener: contextDestroyed()
01-Dec-2024 23:39:21.258 INFO [main] org.apache.catalina.core.ApplicationContext.log ContextListener: contextInitialized()
01-Dec-2024 23:39:21.258 INFO [main] org.apache.catalina.core.ApplicationContext.log SessionListener: contextInitialized()
01-Dec-2024 23:39:21.260 INFO [main] org.apache.catalina.core.ApplicationContext.log ContextListener: attributeAdded('StockTicker', 'async.Stockticker@2cd2c8fe')
01-Dec-2024 23:41:35.073 INFO [main] org.apache.catalina.core.ApplicationContext.log ContextListener: contextInitialized()
01-Dec-2024 23:41:35.073 INFO [main] org.apache.catalina.core.ApplicationContext.log SessionListener: contextInitialized()
01-Dec-2024 23:41:35.075 INFO [main] org.apache.catalina.core.ApplicationContext.log ContextListener: attributeAdded('StockTicker', 'async.Stockticker@733c423e')
01-Dec-2024 23:41:35.218 INFO [main] org.apache.catalina.core.ApplicationContext.log SessionListener: contextDestroyed()
01-Dec-2024 23:41:35.218 INFO [main] org.apache.catalina.core.ApplicationContext.log ContextListener: contextDestroyed()
01-Dec-2024 23:46:12.524 INFO [main] org.apache.catalina.core.ApplicationContext.log ContextListener: contextInitialized()
01-Dec-2024 23:46:12.524 INFO [main] org.apache.catalina.core.ApplicationContext.log SessionListener: contextInitialized()
01-Dec-2024 23:46:12.526 INFO [main] org.apache.catalina.core.ApplicationContext.log ContextListener: attributeAdded('StockTicker', 'async.Stockticker@aa22f1c')
01-Dec-2024 23:46:12.666 INFO [main] org.apache.catalina.core.ApplicationContext.log SessionListener: contextDestroyed()
01-Dec-2024 23:46:12.666 INFO [main] org.apache.catalina.core.ApplicationContext.log ContextListener: contextDestroyed()
01-Dec-2024 23:48:47.972 INFO [main] org.apache.catalina.core.ApplicationContext.log ContextListener: contextInitialized()
01-Dec-2024 23:48:47.973 INFO [main] org.apache.catalina.core.ApplicationContext.log SessionListener: contextInitialized()
01-Dec-2024 23:48:47.974 INFO [main] org.apache.catalina.core.ApplicationContext.log ContextListener: attributeAdded('StockTicker', 'async.Stockticker@56b78e55')
01-Dec-2024 23:50:02.993 INFO [main] org.apache.catalina.core.ApplicationContext.log ContextListener: contextInitialized()
01-Dec-2024 23:50:02.993 INFO [main] org.apache.catalina.core.ApplicationContext.log SessionListener: contextInitialized()
01-Dec-2024 23:50:02.994 INFO [main] org.apache.catalina.core.ApplicationContext.log ContextListener: attributeAdded('StockTicker', 'async.Stockticker@3a4b0e5d')
01-Dec-2024 23:50:03.133 INFO [main] org.apache.catalina.core.ApplicationContext.log SessionListener: contextDestroyed()
01-Dec-2024 23:50:03.133 INFO [main] org.apache.catalina.core.ApplicationContext.log ContextListener: contextDestroyed()
01-Dec-2024 23:51:28.785 INFO [main] org.apache.catalina.core.ApplicationContext.log ContextListener: contextInitialized()
01-Dec-2024 23:51:28.785 INFO [main] org.apache.catalina.core.ApplicationContext.log SessionListener: contextInitialized()
01-Dec-2024 23:51:28.787 INFO [main] org.apache.catalina.core.ApplicationContext.log ContextListener: attributeAdded('StockTicker', 'async.Stockticker@52350abb')
01-Dec-2024 23:51:28.920 INFO [main] org.apache.catalina.core.ApplicationContext.log SessionListener: contextDestroyed()
01-Dec-2024 23:51:28.920 INFO [main] org.apache.catalina.core.ApplicationContext.log ContextListener: contextDestroyed()
01-Dec-2024 23:52:50.007 INFO [main] org.apache.catalina.core.ApplicationContext.log ContextListener: contextInitialized()
01-Dec-2024 23:52:50.008 INFO [main] org.apache.catalina.core.ApplicationContext.log SessionListener: contextInitialized()
01-Dec-2024 23:52:50.008 INFO [main] org.apache.catalina.core.ApplicationContext.log ContextListener: attributeAdded('StockTicker', 'async.Stockticker@3d3f761a')
01-Dec-2024 23:52:50.136 INFO [main] org.apache.catalina.core.ApplicationContext.log SessionListener: contextDestroyed()
01-Dec-2024 23:52:50.136 INFO [main] org.apache.catalina.core.ApplicationContext.log ContextListener: contextDestroyed()
01-Dec-2024 23:53:47.943 INFO [main] org.apache.catalina.core.ApplicationContext.log ContextListener: contextInitialized()
01-Dec-2024 23:53:47.943 INFO [main] org.apache.catalina.core.ApplicationContext.log SessionListener: contextInitialized()
01-Dec-2024 23:53:47.946 INFO [main] org.apache.catalina.core.ApplicationContext.log ContextListener: attributeAdded('StockTicker', 'async.Stockticker@1a2e2935')
01-Dec-2024 23:53:48.091 INFO [main] org.apache.catalina.core.ApplicationContext.log SessionListener: contextDestroyed()
01-Dec-2024 23:53:48.091 INFO [main] org.apache.catalina.core.ApplicationContext.log ContextListener: contextDestroyed()
01-Dec-2024 23:54:54.626 INFO [main] org.apache.catalina.core.ApplicationContext.log ContextListener: contextInitialized()
01-Dec-2024 23:54:54.626 INFO [main] org.apache.catalina.core.ApplicationContext.log SessionListener: contextInitialized()
01-Dec-2024 23:54:54.630 INFO [main] org.apache.catalina.core.ApplicationContext.log ContextListener: attributeAdded('StockTicker', 'async.Stockticker@56b78e55')
01-Dec-2024 23:56:04.913 INFO [main] org.apache.catalina.core.ApplicationContext.log ContextListener: contextInitialized()
01-Dec-2024 23:56:04.914 INFO [main] org.apache.catalina.core.ApplicationContext.log SessionListener: contextInitialized()
01-Dec-2024 23:56:04.916 INFO [main] org.apache.catalina.core.ApplicationContext.log ContextListener: attributeAdded('StockTicker', 'async.Stockticker@1a2e2935')
01-Dec-2024 23:56:05.079 INFO [main] org.apache.catalina.core.ApplicationContext.log SessionListener: contextDestroyed()
01-Dec-2024 23:56:05.079 INFO [main] org.apache.catalina.core.ApplicationContext.log ContextListener: contextDestroyed()
01-Dec-2024 23:56:49.918 INFO [main] org.apache.catalina.core.ApplicationContext.log ContextListener: contextInitialized()
01-Dec-2024 23:56:49.918 INFO [main] org.apache.catalina.core.ApplicationContext.log SessionListener: contextInitialized()
01-Dec-2024 23:56:49.920 INFO [main] org.apache.catalina.core.ApplicationContext.log ContextListener: attributeAdded('StockTicker', 'async.Stockticker@4b629f13')
01-Dec-2024 23:56:50.052 INFO [main] org.apache.catalina.core.ApplicationContext.log SessionListener: contextDestroyed()
01-Dec-2024 23:56:50.052 INFO [main] org.apache.catalina.core.ApplicationContext.log ContextListener: contextDestroyed()
