29-Nov-2024 17:25:01.275 INFO [main] org.apache.catalina.core.ApplicationContext.log ContextListener: contextInitialized()
29-Nov-2024 17:25:01.275 INFO [main] org.apache.catalina.core.ApplicationContext.log SessionListener: contextInitialized()
29-Nov-2024 17:25:01.278 INFO [main] org.apache.catalina.core.ApplicationContext.log ContextListener: attributeAdded('StockTicker', 'async.Stockticker@5c48c0c0')
29-Nov-2024 17:25:01.433 INFO [main] org.apache.catalina.core.ApplicationContext.log SessionListener: contextDestroyed()
29-Nov-2024 17:25:01.433 INFO [main] org.apache.catalina.core.ApplicationContext.log ContextListener: contextDestroyed()
29-Nov-2024 17:25:33.828 INFO [main] org.apache.catalina.core.ApplicationContext.log ContextListener: contextInitialized()
29-Nov-2024 17:25:33.828 INFO [main] org.apache.catalina.core.ApplicationContext.log SessionListener: contextInitialized()
29-Nov-2024 17:25:33.831 INFO [main] org.apache.catalina.core.ApplicationContext.log ContextListener: attributeAdded('StockTicker', 'async.Stockticker@31024624')
29-Nov-2024 17:25:33.985 INFO [main] org.apache.catalina.core.ApplicationContext.log SessionListener: contextDestroyed()
29-Nov-2024 17:25:33.986 INFO [main] org.apache.catalina.core.ApplicationContext.log ContextListener: contextDestroyed()
29-Nov-2024 17:27:19.641 INFO [main] org.apache.catalina.core.ApplicationContext.log ContextListener: contextInitialized()
29-Nov-2024 17:27:19.641 INFO [main] org.apache.catalina.core.ApplicationContext.log SessionListener: contextInitialized()
29-Nov-2024 17:27:19.645 INFO [main] org.apache.catalina.core.ApplicationContext.log ContextListener: attributeAdded('StockTicker', 'async.Stockticker@32232e55')
29-Nov-2024 17:29:00.640 INFO [main] org.apache.catalina.core.ApplicationContext.log ContextListener: contextInitialized()
29-Nov-2024 17:29:00.640 INFO [main] org.apache.catalina.core.ApplicationContext.log SessionListener: contextInitialized()
29-Nov-2024 17:29:00.642 INFO [main] org.apache.catalina.core.ApplicationContext.log ContextListener: attributeAdded('StockTicker', 'async.Stockticker@32232e55')
29-Nov-2024 17:31:32.690 INFO [main] org.apache.catalina.core.ApplicationContext.log ContextListener: contextInitialized()
29-Nov-2024 17:31:32.690 INFO [main] org.apache.catalina.core.ApplicationContext.log SessionListener: contextInitialized()
29-Nov-2024 17:31:32.692 INFO [main] org.apache.catalina.core.ApplicationContext.log ContextListener: attributeAdded('StockTicker', 'async.Stockticker@37ebc9d8')
29-Nov-2024 17:33:50.761 INFO [main] org.apache.catalina.core.ApplicationContext.log ContextListener: contextInitialized()
29-Nov-2024 17:33:50.761 INFO [main] org.apache.catalina.core.ApplicationContext.log SessionListener: contextInitialized()
29-Nov-2024 17:33:50.765 INFO [main] org.apache.catalina.core.ApplicationContext.log ContextListener: attributeAdded('StockTicker', 'async.Stockticker@37ebc9d8')
29-Nov-2024 17:36:41.942 INFO [main] org.apache.catalina.core.ApplicationContext.log ContextListener: contextInitialized()
29-Nov-2024 17:36:41.942 INFO [main] org.apache.catalina.core.ApplicationContext.log SessionListener: contextInitialized()
29-Nov-2024 17:36:41.947 INFO [main] org.apache.catalina.core.ApplicationContext.log ContextListener: attributeAdded('StockTicker', 'async.Stockticker@549621f3')
29-Nov-2024 17:37:35.820 INFO [main] org.apache.catalina.core.ApplicationContext.log ContextListener: contextInitialized()
29-Nov-2024 17:37:35.820 INFO [main] org.apache.catalina.core.ApplicationContext.log SessionListener: contextInitialized()
29-Nov-2024 17:37:35.823 INFO [main] org.apache.catalina.core.ApplicationContext.log ContextListener: attributeAdded('StockTicker', 'async.Stockticker@2f66e802')
29-Nov-2024 17:38:59.858 INFO [main] org.apache.catalina.core.ApplicationContext.log ContextListener: contextInitialized()
29-Nov-2024 17:38:59.858 INFO [main] org.apache.catalina.core.ApplicationContext.log SessionListener: contextInitialized()
29-Nov-2024 17:38:59.862 INFO [main] org.apache.catalina.core.ApplicationContext.log ContextListener: attributeAdded('StockTicker', 'async.Stockticker@b672aa8')
29-Nov-2024 17:40:33.398 INFO [main] org.apache.catalina.core.ApplicationContext.log ContextListener: contextInitialized()
29-Nov-2024 17:40:33.398 INFO [main] org.apache.catalina.core.ApplicationContext.log SessionListener: contextInitialized()
29-Nov-2024 17:40:33.400 INFO [main] org.apache.catalina.core.ApplicationContext.log ContextListener: attributeAdded('StockTicker', 'async.Stockticker@2416a51')
29-Nov-2024 17:41:15.776 INFO [main] org.apache.catalina.core.ApplicationContext.log ContextListener: contextInitialized()
29-Nov-2024 17:41:15.776 INFO [main] org.apache.catalina.core.ApplicationContext.log SessionListener: contextInitialized()
29-Nov-2024 17:41:15.778 INFO [main] org.apache.catalina.core.ApplicationContext.log ContextListener: attributeAdded('StockTicker', 'async.Stockticker@52350abb')
29-Nov-2024 17:42:06.163 INFO [main] org.apache.catalina.core.ApplicationContext.log ContextListener: contextInitialized()
29-Nov-2024 17:42:06.163 INFO [main] org.apache.catalina.core.ApplicationContext.log SessionListener: contextInitialized()
29-Nov-2024 17:42:06.165 INFO [main] org.apache.catalina.core.ApplicationContext.log ContextListener: attributeAdded('StockTicker', 'async.Stockticker@641856')
29-Nov-2024 17:45:13.866 INFO [main] org.apache.catalina.core.ApplicationContext.log ContextListener: contextInitialized()
29-Nov-2024 17:45:13.867 INFO [main] org.apache.catalina.core.ApplicationContext.log SessionListener: contextInitialized()
29-Nov-2024 17:45:13.870 INFO [main] org.apache.catalina.core.ApplicationContext.log ContextListener: attributeAdded('StockTicker', 'async.Stockticker@1b58ff9e')
29-Nov-2024 22:42:11.617 INFO [main] org.apache.catalina.core.ApplicationContext.log ContextListener: contextInitialized()
29-Nov-2024 22:42:11.617 INFO [main] org.apache.catalina.core.ApplicationContext.log SessionListener: contextInitialized()
29-Nov-2024 22:42:11.621 INFO [main] org.apache.catalina.core.ApplicationContext.log ContextListener: attributeAdded('StockTicker', 'async.Stockticker@733c423e')
29-Nov-2024 22:42:11.914 INFO [main] org.apache.catalina.core.ApplicationContext.log SessionListener: contextDestroyed()
29-Nov-2024 22:42:11.914 INFO [main] org.apache.catalina.core.ApplicationContext.log ContextListener: contextDestroyed()
29-Nov-2024 22:44:59.660 INFO [main] org.apache.catalina.core.ApplicationContext.log ContextListener: contextInitialized()
29-Nov-2024 22:44:59.660 INFO [main] org.apache.catalina.core.ApplicationContext.log SessionListener: contextInitialized()
29-Nov-2024 22:44:59.663 INFO [main] org.apache.catalina.core.ApplicationContext.log ContextListener: attributeAdded('StockTicker', 'async.Stockticker@1a6f2363')
29-Nov-2024 22:44:59.812 INFO [main] org.apache.catalina.core.ApplicationContext.log SessionListener: contextDestroyed()
29-Nov-2024 22:44:59.812 INFO [main] org.apache.catalina.core.ApplicationContext.log ContextListener: contextDestroyed()
29-Nov-2024 22:46:19.357 INFO [main] org.apache.catalina.core.ApplicationContext.log ContextListener: contextInitialized()
29-Nov-2024 22:46:19.357 INFO [main] org.apache.catalina.core.ApplicationContext.log SessionListener: contextInitialized()
29-Nov-2024 22:46:19.359 INFO [main] org.apache.catalina.core.ApplicationContext.log ContextListener: attributeAdded('StockTicker', 'async.Stockticker@2f66e802')
29-Nov-2024 22:49:47.677 INFO [main] org.apache.catalina.core.ApplicationContext.log ContextListener: contextInitialized()
29-Nov-2024 22:49:47.677 INFO [main] org.apache.catalina.core.ApplicationContext.log SessionListener: contextInitialized()
29-Nov-2024 22:49:47.678 INFO [main] org.apache.catalina.core.ApplicationContext.log ContextListener: attributeAdded('StockTicker', 'async.Stockticker@2f66e802')
29-Nov-2024 22:52:30.992 INFO [main] org.apache.catalina.core.ApplicationContext.log ContextListener: contextInitialized()
29-Nov-2024 22:52:30.992 INFO [main] org.apache.catalina.core.ApplicationContext.log SessionListener: contextInitialized()
29-Nov-2024 22:52:30.995 INFO [main] org.apache.catalina.core.ApplicationContext.log ContextListener: attributeAdded('StockTicker', 'async.Stockticker@2f66e802')
29-Nov-2024 22:55:43.265 INFO [main] org.apache.catalina.core.ApplicationContext.log ContextListener: contextInitialized()
29-Nov-2024 22:55:43.265 INFO [main] org.apache.catalina.core.ApplicationContext.log SessionListener: contextInitialized()
29-Nov-2024 22:55:43.266 INFO [main] org.apache.catalina.core.ApplicationContext.log ContextListener: attributeAdded('StockTicker', 'async.Stockticker@641856')
29-Nov-2024 23:01:18.266 INFO [main] org.apache.catalina.core.ApplicationContext.log ContextListener: contextInitialized()
29-Nov-2024 23:01:18.267 INFO [main] org.apache.catalina.core.ApplicationContext.log SessionListener: contextInitialized()
29-Nov-2024 23:01:18.270 INFO [main] org.apache.catalina.core.ApplicationContext.log ContextListener: attributeAdded('StockTicker', 'async.Stockticker@2cd2c8fe')
29-Nov-2024 23:03:04.979 INFO [main] org.apache.catalina.core.ApplicationContext.log ContextListener: contextInitialized()
29-Nov-2024 23:03:04.979 INFO [main] org.apache.catalina.core.ApplicationContext.log SessionListener: contextInitialized()
29-Nov-2024 23:03:04.980 INFO [main] org.apache.catalina.core.ApplicationContext.log ContextListener: attributeAdded('StockTicker', 'async.Stockticker@56b78e55')
29-Nov-2024 23:17:08.868 INFO [main] org.apache.catalina.core.ApplicationContext.log ContextListener: contextInitialized()
29-Nov-2024 23:17:08.868 INFO [main] org.apache.catalina.core.ApplicationContext.log SessionListener: contextInitialized()
29-Nov-2024 23:17:08.870 INFO [main] org.apache.catalina.core.ApplicationContext.log ContextListener: attributeAdded('StockTicker', 'async.Stockticker@32232e55')
29-Nov-2024 23:19:18.142 INFO [main] org.apache.catalina.core.ApplicationContext.log ContextListener: contextInitialized()
29-Nov-2024 23:19:18.142 INFO [main] org.apache.catalina.core.ApplicationContext.log SessionListener: contextInitialized()
29-Nov-2024 23:19:18.144 INFO [main] org.apache.catalina.core.ApplicationContext.log ContextListener: attributeAdded('StockTicker', 'async.Stockticker@2f66e802')
29-Nov-2024 23:23:25.857 INFO [main] org.apache.catalina.core.ApplicationContext.log ContextListener: contextInitialized()
29-Nov-2024 23:23:25.857 INFO [main] org.apache.catalina.core.ApplicationContext.log SessionListener: contextInitialized()
29-Nov-2024 23:23:25.859 INFO [main] org.apache.catalina.core.ApplicationContext.log ContextListener: attributeAdded('StockTicker', 'async.Stockticker@641856')
29-Nov-2024 23:27:24.558 INFO [main] org.apache.catalina.core.ApplicationContext.log ContextListener: contextInitialized()
29-Nov-2024 23:27:24.558 INFO [main] org.apache.catalina.core.ApplicationContext.log SessionListener: contextInitialized()
29-Nov-2024 23:27:24.561 INFO [main] org.apache.catalina.core.ApplicationContext.log ContextListener: attributeAdded('StockTicker', 'async.Stockticker@733c423e')
29-Nov-2024 23:27:24.700 INFO [main] org.apache.catalina.core.ApplicationContext.log SessionListener: contextDestroyed()
29-Nov-2024 23:27:24.700 INFO [main] org.apache.catalina.core.ApplicationContext.log ContextListener: contextDestroyed()
29-Nov-2024 23:27:58.162 INFO [main] org.apache.catalina.core.ApplicationContext.log ContextListener: contextInitialized()
29-Nov-2024 23:27:58.162 INFO [main] org.apache.catalina.core.ApplicationContext.log SessionListener: contextInitialized()
29-Nov-2024 23:27:58.164 INFO [main] org.apache.catalina.core.ApplicationContext.log ContextListener: attributeAdded('StockTicker', 'async.Stockticker@5dda6f9')
29-Nov-2024 23:30:33.445 INFO [main] org.apache.catalina.core.ApplicationContext.log ContextListener: contextInitialized()
29-Nov-2024 23:30:33.446 INFO [main] org.apache.catalina.core.ApplicationContext.log SessionListener: contextInitialized()
29-Nov-2024 23:30:33.449 INFO [main] org.apache.catalina.core.ApplicationContext.log ContextListener: attributeAdded('StockTicker', 'async.Stockticker@687a762c')
29-Nov-2024 23:30:33.594 INFO [main] org.apache.catalina.core.ApplicationContext.log SessionListener: contextDestroyed()
29-Nov-2024 23:30:33.594 INFO [main] org.apache.catalina.core.ApplicationContext.log ContextListener: contextDestroyed()
29-Nov-2024 23:35:58.768 INFO [main] org.apache.catalina.core.ApplicationContext.log ContextListener: contextInitialized()
29-Nov-2024 23:35:58.768 INFO [main] org.apache.catalina.core.ApplicationContext.log SessionListener: contextInitialized()
29-Nov-2024 23:35:58.771 INFO [main] org.apache.catalina.core.ApplicationContext.log ContextListener: attributeAdded('StockTicker', 'async.Stockticker@2f66e802')
