30-Nov-2024 13:31:59.899 INFO [main] org.apache.catalina.core.ApplicationContext.log ContextListener: contextInitialized()
30-Nov-2024 13:31:59.899 INFO [main] org.apache.catalina.core.ApplicationContext.log SessionListener: contextInitialized()
30-Nov-2024 13:31:59.901 INFO [main] org.apache.catalina.core.ApplicationContext.log ContextListener: attributeAdded('StockTicker', 'async.Stockticker@76318a7d')
30-Nov-2024 13:35:16.034 INFO [main] org.apache.catalina.core.ApplicationContext.log ContextListener: contextInitialized()
30-Nov-2024 13:35:16.034 INFO [main] org.apache.catalina.core.ApplicationContext.log SessionListener: contextInitialized()
30-Nov-2024 13:35:16.038 INFO [main] org.apache.catalina.core.ApplicationContext.log ContextListener: attributeAdded('StockTicker', 'async.Stockticker@2f66e802')
30-Nov-2024 13:39:01.790 INFO [main] org.apache.catalina.core.ApplicationContext.log ContextListener: contextInitialized()
30-Nov-2024 13:39:01.790 INFO [main] org.apache.catalina.core.ApplicationContext.log SessionListener: contextInitialized()
30-Nov-2024 13:39:01.797 INFO [main] org.apache.catalina.core.ApplicationContext.log ContextListener: attributeAdded('StockTicker', 'async.Stockticker@687a762c')
30-Nov-2024 13:39:02.073 INFO [main] org.apache.catalina.core.ApplicationContext.log SessionListener: contextDestroyed()
30-Nov-2024 13:39:02.073 INFO [main] org.apache.catalina.core.ApplicationContext.log ContextListener: contextDestroyed()
30-Nov-2024 14:21:58.507 INFO [main] org.apache.catalina.core.ApplicationContext.log ContextListener: contextInitialized()
30-Nov-2024 14:21:58.507 INFO [main] org.apache.catalina.core.ApplicationContext.log SessionListener: contextInitialized()
30-Nov-2024 14:21:58.509 INFO [main] org.apache.catalina.core.ApplicationContext.log ContextListener: attributeAdded('StockTicker', 'async.Stockticker@37ebc9d8')
30-Nov-2024 14:24:45.546 INFO [main] org.apache.catalina.core.ApplicationContext.log ContextListener: contextInitialized()
30-Nov-2024 14:24:45.546 INFO [main] org.apache.catalina.core.ApplicationContext.log SessionListener: contextInitialized()
30-Nov-2024 14:24:45.548 INFO [main] org.apache.catalina.core.ApplicationContext.log ContextListener: attributeAdded('StockTicker', 'async.Stockticker@5217f3d0')
30-Nov-2024 14:36:33.030 INFO [main] org.apache.catalina.core.ApplicationContext.log ContextListener: contextInitialized()
30-Nov-2024 14:36:33.030 INFO [main] org.apache.catalina.core.ApplicationContext.log SessionListener: contextInitialized()
30-Nov-2024 14:36:33.033 INFO [main] org.apache.catalina.core.ApplicationContext.log ContextListener: attributeAdded('StockTicker', 'async.Stockticker@54361a9')
30-Nov-2024 14:38:06.202 INFO [main] org.apache.catalina.core.ApplicationContext.log ContextListener: contextInitialized()
30-Nov-2024 14:38:06.202 INFO [main] org.apache.catalina.core.ApplicationContext.log SessionListener: contextInitialized()
30-Nov-2024 14:38:06.204 INFO [main] org.apache.catalina.core.ApplicationContext.log ContextListener: attributeAdded('StockTicker', 'async.Stockticker@32cb636e')
30-Nov-2024 14:38:06.356 INFO [main] org.apache.catalina.core.ApplicationContext.log SessionListener: contextDestroyed()
30-Nov-2024 14:38:06.356 INFO [main] org.apache.catalina.core.ApplicationContext.log ContextListener: contextDestroyed()
30-Nov-2024 14:39:11.134 INFO [main] org.apache.catalina.core.ApplicationContext.log ContextListener: contextInitialized()
30-Nov-2024 14:39:11.135 INFO [main] org.apache.catalina.core.ApplicationContext.log SessionListener: contextInitialized()
30-Nov-2024 14:39:11.137 INFO [main] org.apache.catalina.core.ApplicationContext.log ContextListener: attributeAdded('StockTicker', 'async.Stockticker@5217f3d0')
30-Nov-2024 14:52:23.578 INFO [main] org.apache.catalina.core.ApplicationContext.log ContextListener: contextInitialized()
30-Nov-2024 14:52:23.578 INFO [main] org.apache.catalina.core.ApplicationContext.log SessionListener: contextInitialized()
30-Nov-2024 14:52:23.581 INFO [main] org.apache.catalina.core.ApplicationContext.log ContextListener: attributeAdded('StockTicker', 'async.Stockticker@37ebc9d8')
30-Nov-2024 14:59:21.218 INFO [main] org.apache.catalina.core.ApplicationContext.log ContextListener: contextInitialized()
30-Nov-2024 14:59:21.218 INFO [main] org.apache.catalina.core.ApplicationContext.log SessionListener: contextInitialized()
30-Nov-2024 14:59:21.220 INFO [main] org.apache.catalina.core.ApplicationContext.log ContextListener: attributeAdded('StockTicker', 'async.Stockticker@32cb636e')
30-Nov-2024 14:59:21.373 INFO [main] org.apache.catalina.core.ApplicationContext.log SessionListener: contextDestroyed()
30-Nov-2024 14:59:21.373 INFO [main] org.apache.catalina.core.ApplicationContext.log ContextListener: contextDestroyed()
30-Nov-2024 15:02:56.531 INFO [main] org.apache.catalina.core.ApplicationContext.log ContextListener: contextInitialized()
30-Nov-2024 15:02:56.532 INFO [main] org.apache.catalina.core.ApplicationContext.log SessionListener: contextInitialized()
30-Nov-2024 15:02:56.539 INFO [main] org.apache.catalina.core.ApplicationContext.log ContextListener: attributeAdded('StockTicker', 'async.Stockticker@31024624')
30-Nov-2024 15:02:56.827 INFO [main] org.apache.catalina.core.ApplicationContext.log SessionListener: contextDestroyed()
30-Nov-2024 15:02:56.827 INFO [main] org.apache.catalina.core.ApplicationContext.log ContextListener: contextDestroyed()
30-Nov-2024 15:06:10.001 INFO [main] org.apache.catalina.core.ApplicationContext.log ContextListener: contextInitialized()
30-Nov-2024 15:06:10.001 INFO [main] org.apache.catalina.core.ApplicationContext.log SessionListener: contextInitialized()
30-Nov-2024 15:06:10.006 INFO [main] org.apache.catalina.core.ApplicationContext.log ContextListener: attributeAdded('StockTicker', 'async.Stockticker@314b8f2d')
30-Nov-2024 15:07:59.446 INFO [main] org.apache.catalina.core.ApplicationContext.log ContextListener: contextInitialized()
30-Nov-2024 15:07:59.446 INFO [main] org.apache.catalina.core.ApplicationContext.log SessionListener: contextInitialized()
30-Nov-2024 15:07:59.449 INFO [main] org.apache.catalina.core.ApplicationContext.log ContextListener: attributeAdded('StockTicker', 'async.Stockticker@5fb97279')
30-Nov-2024 15:07:59.602 INFO [main] org.apache.catalina.core.ApplicationContext.log SessionListener: contextDestroyed()
30-Nov-2024 15:07:59.602 INFO [main] org.apache.catalina.core.ApplicationContext.log ContextListener: contextDestroyed()
30-Nov-2024 15:10:13.940 INFO [main] org.apache.catalina.core.ApplicationContext.log ContextListener: contextInitialized()
30-Nov-2024 15:10:13.940 INFO [main] org.apache.catalina.core.ApplicationContext.log SessionListener: contextInitialized()
30-Nov-2024 15:10:13.942 INFO [main] org.apache.catalina.core.ApplicationContext.log ContextListener: attributeAdded('StockTicker', 'async.Stockticker@37ebc9d8')
30-Nov-2024 15:11:46.454 INFO [main] org.apache.catalina.core.ApplicationContext.log ContextListener: contextInitialized()
30-Nov-2024 15:11:46.454 INFO [main] org.apache.catalina.core.ApplicationContext.log SessionListener: contextInitialized()
30-Nov-2024 15:11:46.459 INFO [main] org.apache.catalina.core.ApplicationContext.log ContextListener: attributeAdded('StockTicker', 'async.Stockticker@37ebc9d8')
30-Nov-2024 15:12:47.718 INFO [main] org.apache.catalina.core.ApplicationContext.log ContextListener: contextInitialized()
30-Nov-2024 15:12:47.718 INFO [main] org.apache.catalina.core.ApplicationContext.log SessionListener: contextInitialized()
30-Nov-2024 15:12:47.721 INFO [main] org.apache.catalina.core.ApplicationContext.log ContextListener: attributeAdded('StockTicker', 'async.Stockticker@2f66e802')
30-Nov-2024 15:18:31.490 INFO [main] org.apache.catalina.core.ApplicationContext.log ContextListener: contextInitialized()
30-Nov-2024 15:18:31.490 INFO [main] org.apache.catalina.core.ApplicationContext.log SessionListener: contextInitialized()
30-Nov-2024 15:18:31.491 INFO [main] org.apache.catalina.core.ApplicationContext.log ContextListener: attributeAdded('StockTicker', 'async.Stockticker@1b58ff9e')
30-Nov-2024 15:20:20.430 INFO [main] org.apache.catalina.core.ApplicationContext.log ContextListener: contextInitialized()
30-Nov-2024 15:20:20.431 INFO [main] org.apache.catalina.core.ApplicationContext.log SessionListener: contextInitialized()
30-Nov-2024 15:20:20.433 INFO [main] org.apache.catalina.core.ApplicationContext.log ContextListener: attributeAdded('StockTicker', 'async.Stockticker@7689ddef')
30-Nov-2024 15:20:20.589 INFO [main] org.apache.catalina.core.ApplicationContext.log SessionListener: contextDestroyed()
30-Nov-2024 15:20:20.589 INFO [main] org.apache.catalina.core.ApplicationContext.log ContextListener: contextDestroyed()
